# JRE version: OpenJDK Runtime Environment (8.0_202) (build 1.8.0_202-release-1483-b49-5587405)
# Java VM: OpenJDK 64-Bit Server VM (25.202-b49-5587405 mixed mode bsd-amd64 compressed oops)
Heap:
 PSYoungGen      total 360448K, used 201536K [0x00000007a0000000, 0x00000007bfc00000, 0x00000007c0000000)
  eden space 200192K, 100% used [0x00000007a0000000,0x00000007ac380000,0x00000007ac380000)
  from space 160256K, 0% used [0x00000007ac380000,0x00000007ac4d0000,0x00000007b6000000)
  to   space 157184K, 0% used [0x00000007b6280000,0x00000007b63a8000,0x00000007bfc00000)
 ParOldGen       total 626688K, used 398031K [0x0000000760000000, 0x0000000786400000, 0x00000007a0000000)
  object space 626688K, 63% used [0x0000000760000000,0x00000007784b3cd0,0x0000000786400000)
 Metaspace       used 138620K, capacity 146781K, committed 147020K, reserved 1177600K
  class space    used 17019K, capacity 18801K, committed 18816K, reserved 1048576K
GC Heap History (10 events):
Event: 594.167 GC heap after
Heap after GC invocations=62 (full 5):
 PSYoungGen      total 214016K, used 2656K [0x00000007a0000000, 0x00000007c0000000, 0x00000007c0000000)
  eden space 210944K, 0% used [0x00000007a0000000,0x00000007a0000000,0x00000007ace00000)
  from space 3072K, 86% used [0x00000007ace00000,0x00000007ad098020,0x00000007ad100000)
  to   space 160768K, 0% used [0x00000007b6300000,0x00000007b6300000,0x00000007c0000000)
 ParOldGen       total 626688K, used 390866K [0x0000000760000000, 0x0000000786400000, 0x00000007a0000000)
  object space 626688K, 62% used [0x0000000760000000,0x0000000777db4b00,0x0000000786400000)
 Metaspace       used 138572K, capacity 146769K, committed 147020K, reserved 1177600K
  class space    used 17016K, capacity 18799K, committed 18816K, reserved 1048576K
}
Event: 596.776 GC heap before
{Heap before GC invocations=63 (full 5):
 PSYoungGen      total 214016K, used 213600K [0x00000007a0000000, 0x00000007c0000000, 0x00000007c0000000)
  eden space 210944K, 100% used [0x00000007a0000000,0x00000007ace00000,0x00000007ace00000)
  from space 3072K, 86% used [0x00000007ace00000,0x00000007ad098020,0x00000007ad100000)
  to   space 160768K, 0% used [0x00000007b6300000,0x00000007b6300000,0x00000007c0000000)
 ParOldGen       total 626688K, used 390866K [0x0000000760000000, 0x0000000786400000, 0x00000007a0000000)
  object space 626688K, 62% used [0x0000000760000000,0x0000000777db4b00,0x0000000786400000)
 Metaspace       used 138581K, capacity 146769K, committed 147020K, reserved 1177600K
  class space    used 17016K, capacity 18799K, committed 18816K, reserved 1048576K
Event: 596.797 GC heap after
Heap after GC invocations=63 (full 5):
 PSYoungGen      total 360448K, used 1376K [0x00000007a0000000, 0x00000007c0000000, 0x00000007c0000000)
  eden space 199680K, 0% used [0x00000007a0000000,0x00000007a0000000,0x00000007ac300000)
  from space 160768K, 0% used [0x00000007b6300000,0x00000007b6458000,0x00000007c0000000)
  to   space 162304K, 0% used [0x00000007ac300000,0x00000007ac300000,0x00000007b6180000)
 ParOldGen       total 626688K, used 393085K [0x0000000760000000, 0x0000000786400000, 0x00000007a0000000)
  object space 626688K, 62% used [0x0000000760000000,0x0000000777fdf6d0,0x0000000786400000)
 Metaspace       used 138581K, capacity 146769K, committed 147020K, reserved 1177600K
  class space    used 17016K, capacity 18799K, committed 18816K, reserved 1048576K
}
Event: 599.050 GC heap before
{Heap before GC invocations=64 (full 5):
 PSYoungGen      total 360448K, used 201056K [0x00000007a0000000, 0x00000007c0000000, 0x00000007c0000000)
  eden space 199680K, 100% used [0x00000007a0000000,0x00000007ac300000,0x00000007ac300000)
  from space 160768K, 0% used [0x00000007b6300000,0x00000007b6458000,0x00000007c0000000)
  to   space 162304K, 0% used [0x00000007ac300000,0x00000007ac300000,0x00000007b6180000)
 ParOldGen       total 626688K, used 393085K [0x0000000760000000, 0x0000000786400000, 0x00000007a0000000)
  object space 626688K, 62% used [0x0000000760000000,0x0000000777fdf6d0,0x0000000786400000)
 Metaspace       used 138587K, capacity 146769K, committed 147020K, reserved 1177600K
  class space    used 17016K, capacity 18799K, committed 18816K, reserved 1048576K
Event: 599.069 GC heap after
Heap after GC invocations=64 (full 5):
 PSYoungGen      total 361984K, used 1408K [0x00000007a0000000, 0x00000007c0000000, 0x00000007c0000000)
  eden space 199680K, 0% used [0x00000007a0000000,0x00000007a0000000,0x00000007ac300000)
  from space 162304K, 0% used [0x00000007ac300000,0x00000007ac460000,0x00000007b6180000)
  to   space 161792K, 0% used [0x00000007b6200000,0x00000007b6200000,0x00000007c0000000)
 ParOldGen       total 626688K, used 394381K [0x0000000760000000, 0x0000000786400000, 0x00000007a0000000)
  object space 626688K, 62% used [0x0000000760000000,0x00000007781236d0,0x0000000786400000)
 Metaspace       used 138587K, capacity 146769K, committed 147020K, reserved 1177600K
  class space    used 17016K, capacity 18799K, committed 18816K, reserved 1048576K
}
Event: 600.852 GC heap before
{Heap before GC invocations=65 (full 5):
 PSYoungGen      total 361984K, used 201088K [0x00000007a0000000, 0x00000007c0000000, 0x00000007c0000000)
  eden space 199680K, 100% used [0x00000007a0000000,0x00000007ac300000,0x00000007ac300000)
  from space 162304K, 0% used [0x00000007ac300000,0x00000007ac460000,0x00000007b6180000)
  to   space 161792K, 0% used [0x00000007b6200000,0x00000007b6200000,0x00000007c0000000)
 ParOldGen       total 626688K, used 394381K [0x0000000760000000, 0x0000000786400000, 0x00000007a0000000)
  object space 626688K, 62% used [0x0000000760000000,0x00000007781236d0,0x0000000786400000)
 Metaspace       used 138595K, capacity 146769K, committed 147020K, reserved 1177600K
  class space    used 17016K, capacity 18799K, committed 18816K, reserved 1048576K
Event: 600.871 GC heap after
Heap after GC invocations=65 (full 5):
 PSYoungGen      total 358400K, used 1472K [0x00000007a0000000, 0x00000007bfc80000, 0x00000007c0000000)
  eden space 200192K, 0% used [0x00000007a0000000,0x00000007a0000000,0x00000007ac380000)
  from space 158208K, 0% used [0x00000007b6200000,0x00000007b6370000,0x00000007bfc80000)
  to   space 160256K, 0% used [0x00000007ac380000,0x00000007ac380000,0x00000007b6000000)
 ParOldGen       total 626688K, used 395605K [0x0000000760000000, 0x0000000786400000, 0x00000007a0000000)
  object space 626688K, 63% used [0x0000000760000000,0x00000007782556d0,0x0000000786400000)
 Metaspace       used 138595K, capacity 146769K, committed 147020K, reserved 1177600K
  class space    used 17016K, capacity 18799K, committed 18816K, reserved 1048576K
}
Event: 602.898 GC heap before
{Heap before GC invocations=66 (full 5):
 PSYoungGen      total 358400K, used 201664K [0x00000007a0000000, 0x00000007bfc80000, 0x00000007c0000000)
  eden space 200192K, 100% used [0x00000007a0000000,0x00000007ac380000,0x00000007ac380000)
  from space 158208K, 0% used [0x00000007b6200000,0x00000007b6370000,0x00000007bfc80000)
  to   space 160256K, 0% used [0x00000007ac380000,0x00000007ac380000,0x00000007b6000000)
 ParOldGen       total 626688K, used 395605K [0x0000000760000000, 0x0000000786400000, 0x00000007a0000000)
  object space 626688K, 63% used [0x0000000760000000,0x00000007782556d0,0x0000000786400000)
 Metaspace       used 138618K, capacity 146781K, committed 147020K, reserved 1177600K
  class space    used 17019K, capacity 18801K, committed 18816K, reserved 1048576K
Event: 602.920 GC heap after
Heap after GC invocations=66 (full 5):
 PSYoungGen      total 360448K, used 1344K [0x00000007a0000000, 0x00000007bfc00000, 0x00000007c0000000)
  eden space 200192K, 0% used [0x00000007a0000000,0x00000007a0000000,0x00000007ac380000)
  from space 160256K, 0% used [0x00000007ac380000,0x00000007ac4d0000,0x00000007b6000000)
  to   space 157184K, 0% used [0x00000007b6280000,0x00000007b6280000,0x00000007bfc00000)
 ParOldGen       total 626688K, used 396863K [0x0000000760000000, 0x0000000786400000, 0x00000007a0000000)
  object space 626688K, 63% used [0x0000000760000000,0x000000077838fcd0,0x0000000786400000)
 Metaspace       used 138618K, capacity 146781K, committed 147020K, reserved 1177600K
  class space    used 17019K, capacity 18801K, committed 18816K, reserved 1048576K
}
Event: 604.873 GC heap before
{Heap before GC invocations=67 (full 5):
 PSYoungGen      total 360448K, used 201536K [0x00000007a0000000, 0x00000007bfc00000, 0x00000007c0000000)
  eden space 200192K, 100% used [0x00000007a0000000,0x00000007ac380000,0x00000007ac380000)
  from space 160256K, 0% used [0x00000007ac380000,0x00000007ac4d0000,0x00000007b6000000)
  to   space 157184K, 0% used [0x00000007b6280000,0x00000007b6280000,0x00000007bfc00000)
 ParOldGen       total 626688K, used 396863K [0x0000000760000000, 0x0000000786400000, 0x00000007a0000000)
  object space 626688K, 63% used [0x0000000760000000,0x000000077838fcd0,0x0000000786400000)
 Metaspace       used 138620K, capacity 146781K, committed 147020K, reserved 1177600K
  class space    used 17019K, capacity 18801K, committed 18816K, reserved 1048576K

